{
  "RSpec": {
    "coverage": {
      "c:/Sites/jauhopeukalo/app/helpers/application_helper.rb": [
        1,
        null
      ],
      "c:/Sites/jauhopeukalo/app/helpers/categories_helper.rb": [
        1,
        null
      ],
      "c:/Sites/jauhopeukalo/app/helpers/ingredients_helper.rb": [
        1,
        null
      ],
      "c:/Sites/jauhopeukalo/app/helpers/recipes_helper.rb": [
        1,
        null
      ],
      "c:/Sites/jauhopeukalo/app/helpers/users_helper.rb": [
        1,
        null
      ],
      "c:/Sites/jauhopeukalo/app/models/user.rb": [
        1,
        1,
        1,
        null,
        1,
        1,
        1,
        null,
        1,
        99,
        99,
        99,
        99,
        null,
        null,
        null,
        1,
        4,
        null,
        null,
        1,
        6,
        6,
        6,
        null,
        null
      ],
      "c:/Sites/jauhopeukalo/app/models/application_record.rb": [
        1,
        1,
        null
      ],
      "c:/Sites/jauhopeukalo/app/models/recipe.rb": [
        1,
        1,
        1,
        1,
        1,
        1,
        1,
        null,
        1,
        1,
        1,
        1,
        null,
        1,
        11,
        null,
        11,
        11,
        11,
        11,
        null,
        null,
        null
      ],
      "c:/Sites/jauhopeukalo/app/controllers/categories_controller.rb": [
        1,
        1,
        1,
        null,
        null,
        null,
        1,
        2,
        3,
        null,
        null,
        null,
        null,
        1,
        null,
        null,
        null,
        1,
        1,
        null,
        null,
        null,
        1,
        null,
        null,
        null,
        null,
        1,
        5,
        5,
        null,
        5,
        5,
        6,
        3,
        null,
        4,
        2,
        null,
        null,
        null,
        null,
        null,
        null,
        1,
        5,
        5,
        3,
        3,
        6,
        3,
        null,
        4,
        2,
        null,
        null,
        null,
        null,
        null,
        null,
        1,
        2,
        2,
        4,
        2,
        null,
        null,
        null,
        1,
        null,
        1,
        9,
        null,
        null,
        null,
        1,
        10,
        null,
        null
      ],
      "c:/Sites/jauhopeukalo/app/controllers/application_controller.rb": [
        1,
        1,
        null,
        1,
        null,
        1,
        179,
        141,
        null,
        null,
        1,
        66,
        null,
        null
      ],
      "c:/Sites/jauhopeukalo/app/controllers/ingredients_controller.rb": [
        1,
        1,
        1,
        null,
        null,
        null,
        1,
        2,
        2,
        null,
        2,
        3,
        null,
        null,
        null,
        null,
        1,
        null,
        null,
        null,
        1,
        null,
        null,
        null,
        null,
        1,
        5,
        5,
        6,
        3,
        null,
        4,
        2,
        null,
        null,
        null,
        null,
        1,
        null,
        1,
        7,
        null,
        null,
        null,
        1,
        5,
        null,
        null
      ],
      "c:/Sites/jauhopeukalo/app/controllers/recipe_categories_controller.rb": [
        1,
        1,
        1,
        null,
        1,
        1,
        1,
        1,
        null,
        null,
        1,
        5,
        null,
        5,
        5,
        6,
        null,
        4,
        null,
        null,
        null,
        null,
        1,
        2,
        2,
        2,
        4,
        2,
        null,
        null,
        null,
        1,
        null,
        1,
        2,
        null,
        null,
        null,
        1,
        5,
        null,
        null
      ],
      "c:/Sites/jauhopeukalo/app/controllers/recipes_controller.rb": [
        1,
        1,
        1,
        1,
        1,
        null,
        null,
        null,
        1,
        5,
        5,
        5,
        null,
        5,
        null,
        0,
        null,
        null,
        null,
        null,
        null,
        1,
        5,
        null,
        null,
        null,
        1,
        2,
        null,
        null,
        null,
        1,
        null,
        null,
        null,
        null,
        1,
        6,
        6,
        6,
        6,
        6,
        null,
        6,
        5,
        null,
        5,
        5,
        5,
        null,
        5,
        3,
        3,
        null,
        3,
        3,
        null,
        3,
        null,
        2,
        null,
        null,
        1,
        1,
        2,
        1,
        null,
        0,
        0,
        null,
        null,
        null,
        null,
        null,
        null,
        null,
        1,
        6,
        6,
        6,
        6,
        6,
        6,
        6,
        null,
        6,
        6,
        6,
        null,
        6,
        4,
        4,
        null,
        4,
        4,
        null,
        4,
        null,
        2,
        null,
        null,
        0,
        0,
        0,
        0,
        null,
        0,
        0,
        null,
        null,
        null,
        null,
        null,
        null,
        null,
        1,
        3,
        3,
        6,
        3,
        null,
        null,
        null,
        1,
        null,
        1,
        18,
        null,
        null,
        null,
        1,
        6,
        null,
        null,
        1,
        11,
        null,
        null,
        1,
        0,
        null,
        null,
        1,
        0,
        null,
        null,
        1,
        12,
        null,
        null,
        1,
        5,
        5,
        5,
        5,
        null,
        5,
        5,
        5,
        5,
        5,
        5,
        5,
        5,
        5,
        null,
        5,
        5,
        5,
        5,
        5,
        5,
        null,
        5,
        5,
        5,
        null,
        null,
        5,
        null,
        null,
        1,
        13,
        13,
        13,
        13,
        null,
        13,
        13,
        13,
        13,
        13,
        13,
        13,
        null,
        13,
        13,
        13,
        13,
        null,
        13,
        13,
        null,
        null,
        13,
        null,
        null,
        1,
        7,
        8,
        8,
        8,
        5,
        5,
        5,
        null,
        8,
        8,
        8,
        8,
        8,
        8,
        8,
        8,
        8,
        null,
        8,
        8,
        8,
        null,
        null,
        null,
        null,
        null,
        1,
        6,
        6,
        6,
        6,
        null,
        6,
        8,
        8,
        8,
        null,
        8,
        8,
        null,
        8,
        8,
        null,
        8,
        8,
        null,
        8,
        8,
        null,
        8,
        8,
        8,
        8,
        8,
        null,
        8,
        8,
        8,
        null,
        8,
        null,
        null,
        6,
        null,
        null,
        1,
        13,
        null,
        null
      ],
      "c:/Sites/jauhopeukalo/app/controllers/subsection_ingredients_controller.rb": [
        1,
        1,
        1,
        null,
        1,
        2,
        2,
        2,
        4,
        2,
        null,
        null,
        null,
        1,
        1,
        2,
        null,
        null
      ],
      "c:/Sites/jauhopeukalo/app/controllers/subsections_controller.rb": [
        1,
        1,
        1,
        null,
        1,
        2,
        2,
        2,
        4,
        2,
        null,
        null,
        null,
        1,
        1,
        2,
        null,
        null
      ],
      "c:/Sites/jauhopeukalo/app/controllers/users_controller.rb": [
        1,
        1,
        1,
        null,
        null,
        null,
        1,
        6,
        null,
        null,
        null,
        null,
        1,
        17,
        null,
        null,
        null,
        1,
        3,
        null,
        null,
        null,
        1,
        null,
        null,
        null,
        null,
        1,
        7,
        null,
        7,
        7,
        8,
        4,
        null,
        6,
        3,
        null,
        null,
        null,
        null,
        null,
        null,
        1,
        7,
        7,
        8,
        4,
        null,
        6,
        3,
        null,
        null,
        null,
        null,
        null,
        null,
        1,
        3,
        3,
        3,
        6,
        3,
        null,
        null,
        null,
        1,
        null,
        1,
        13,
        null,
        null,
        null,
        1,
        19,
        null,
        null
      ],
      "c:/Sites/jauhopeukalo/app/models/category.rb": [
        1,
        1,
        1,
        null,
        1,
        null
      ],
      "c:/Sites/jauhopeukalo/app/models/ingredient.rb": [
        1,
        1,
        1,
        1,
        null,
        1,
        null
      ],
      "c:/Sites/jauhopeukalo/app/models/recipe_category.rb": [
        1,
        1,
        1,
        null,
        1,
        1,
        null
      ],
      "c:/Sites/jauhopeukalo/app/models/subsection_ingredient.rb": [
        1,
        1,
        1,
        null,
        1,
        null,
        1,
        10,
        null,
        null,
        1,
        10,
        10,
        10,
        null,
        null
      ],
      "c:/Sites/jauhopeukalo/app/models/subsection.rb": [
        1,
        1,
        1,
        1,
        null,
        1,
        null,
        null
      ],
      "c:/Sites/jauhopeukalo/app/controllers/sessions_controller.rb": [
        1,
        1,
        null,
        null,
        1,
        11,
        11,
        10,
        10,
        null,
        1,
        null,
        null,
        null,
        1,
        1,
        1,
        null,
        null
      ],
      "c:/Sites/jauhopeukalo/app/channels/application_cable/channel.rb": [
        0,
        0,
        0,
        0
      ],
      "c:/Sites/jauhopeukalo/app/channels/application_cable/connection.rb": [
        0,
        0,
        0,
        0
      ],
      "c:/Sites/jauhopeukalo/app/jobs/application_job.rb": [
        0,
        0
      ],
      "c:/Sites/jauhopeukalo/app/mailers/application_mailer.rb": [
        0,
        0,
        0,
        0
      ]
    },
    "timestamp": 1494423523
  }
}
